<?xml version="1.0" encoding="UTF-8"?>
<!-- Generated by org.testng.reporters.JUnitReportReporter -->
<testsuite hostname="DESKTOP-GE6LMT5" failures="0" tests="8" name="Tests.Zee5PlayerScreenOutput" time="825.160" errors="0" timestamp="2025-06-26T22:31:35 IST" skipped="1">
  <testcase classname="Tests.Zee5PlayerScreenOutput" name="zee5PlayerResults" time="97.398"/>
  <testcase classname="Tests.Zee5PlayerScreenOutput" name="zee5PlayerResults" time="108.820"/>
  <testcase classname="Tests.Zee5PlayerScreenOutput" name="zee5PlayerResults" time="115.565"/>
  <testcase classname="Tests.Zee5PlayerScreenOutput" name="zee5PlayerResults" time="94.500"/>
  <testcase classname="Tests.Zee5PlayerScreenOutput" name="zee5LiveChannelPlayerResults" time="145.296"/>
  <testcase classname="Tests.Zee5PlayerScreenOutput" name="zee5LiveChannelPlayerResults" time="145.048"/>
  <testcase classname="Tests.Zee5PlayerScreenOutput" name="zee5LiveChannelPlayerResults" time="118.533"/>
  <testcase classname="Tests.Zee5PlayerScreenOutput" name="zee5PlayerResults">
    <skipped/>
  </testcase> <!-- zee5PlayerResults -->
</testsuite> <!-- Tests.Zee5PlayerScreenOutput -->
