<?xml version="1.0" encoding="UTF-8"?>
<!-- Generated by org.testng.reporters.JUnitReportReporter -->
<testsuite hostname="DESKTOP-GE6LMT5" failures="0" tests="7" name="Tests.Zee5PlayerScreenOutput" time="504.760" errors="0" timestamp="2025-07-07T15:31:03 IST" skipped="1">
  <testcase classname="Tests.Zee5PlayerScreenOutput" name="zee5PlayerResults" time="86.852"/>
  <testcase classname="Tests.Zee5PlayerScreenOutput" name="zee5PlayerResults" time="85.066"/>
  <testcase classname="Tests.Zee5PlayerScreenOutput" name="zee5PlayerResults" time="85.547"/>
  <testcase classname="Tests.Zee5PlayerScreenOutput" name="zee5PlayerResults" time="85.393"/>
  <testcase classname="Tests.Zee5PlayerScreenOutput" name="zee5LiveChannelPlayerResults" time="81.029"/>
  <testcase classname="Tests.Zee5PlayerScreenOutput" name="zee5LiveChannelPlayerResults" time="80.873"/>
  <testcase classname="Tests.Zee5PlayerScreenOutput" name="zee5PlayerResults">
    <skipped/>
  </testcase> <!-- zee5PlayerResults -->
</testsuite> <!-- Tests.Zee5PlayerScreenOutput -->
