<?xml version="1.0" encoding="UTF-8"?>
<!-- Generated by org.testng.reporters.JUnitReportReporter -->
<testsuite hostname="DESKTOP-GE6LMT5" failures="0" tests="7" name="Tests.Zee5PlayerScreenOutput" time="495.755" errors="0" timestamp="2025-07-04T21:04:40 IST" skipped="1">
  <testcase classname="Tests.Zee5PlayerScreenOutput" name="zee5PlayerResults" time="83.072"/>
  <testcase classname="Tests.Zee5PlayerScreenOutput" name="zee5PlayerResults" time="82.677"/>
  <testcase classname="Tests.Zee5PlayerScreenOutput" name="zee5PlayerResults" time="82.947"/>
  <testcase classname="Tests.Zee5PlayerScreenOutput" name="zee5PlayerResults" time="86.222"/>
  <testcase classname="Tests.Zee5PlayerScreenOutput" name="zee5LiveChannelPlayerResults" time="79.795"/>
  <testcase classname="Tests.Zee5PlayerScreenOutput" name="zee5LiveChannelPlayerResults" time="81.042"/>
  <testcase classname="Tests.Zee5PlayerScreenOutput" name="zee5PlayerResults">
    <skipped/>
  </testcase> <!-- zee5PlayerResults -->
</testsuite> <!-- Tests.Zee5PlayerScreenOutput -->
